<?xml version="1.0" encoding="UTF-8"?>
<!-- Generated by org.testng.reporters.JUnitReportReporter -->
<testsuite hostname="SUPAL-T440S" name="packOne.Demo1" tests="2" failures="0" timestamp="30 Nov 2016 16:02:12 GMT" time="12.747" errors="0">
  <testcase name="secondTestCase" time="0.002" classname="packOne.Demo1"/>
  <testcase name="firstTestCase" time="12.745" classname="packOne.Demo1"/>
</testsuite> <!-- packOne.Demo1 -->
