<?xml version="1.0" encoding="UTF-8"?>
<!-- Generated by org.testng.reporters.JUnitReportReporter -->
<testsuite hostname="SUPAL-T440S" name="packTwo.Demo2" tests="2" failures="0" timestamp="30 Nov 2016 16:02:12 GMT" time="0.008" errors="0">
  <testcase name="firstTestCase" time="0.008" classname="packTwo.Demo2"/>
  <testcase name="secondTestCase" time="0.000" classname="packTwo.Demo2"/>
</testsuite> <!-- packTwo.Demo2 -->
