<?xml version="1.0" encoding="UTF-8"?>
<!-- Generated by org.testng.reporters.JUnitReportReporter -->
<testsuite hostname="SUPAL-T440S" name="com.testNGRelated.TestNG" tests="1" failures="0" timestamp="1 Apr 2017 03:51:24 GMT" time="0.011" errors="0">
  <testcase name="test" time="0.011" classname="com.testNGRelated.TestNG"/>
</testsuite> <!-- com.testNGRelated.TestNG -->
