<?xml version="1.0" encoding="UTF-8"?>
<!-- Generated by org.testng.reporters.JUnitReportReporter -->
<testsuite hostname="SUPAL-T440S" name="packOne.Demo1" tests="2" failures="0" timestamp="31 Mar 2017 15:55:51 GMT" time="12.171" errors="0">
  <testcase name="firstTestCase" time="12.171" classname="packOne.Demo1"/>
  <testcase name="secondTestCase" time="0.000" classname="packOne.Demo1"/>
</testsuite> <!-- packOne.Demo1 -->
